The modder has not chosen to include their source code.
Files:
BameMod.XNA.dll
You can find this mod's .dll files under ModLoader\references\mods for easy mod collaboration!
BameMod.XNA.pdb
BameMod.FNA.dll
BameMod.FNA.pdb
BameMod.FNA.dll.mdb
build.txt
description.txt
Properties/launchSettings.json
UpgradeLog2.htm
UpgradeLog3.htm
Projectiles/AdaBeam.png
Projectiles/BigBubble.png
UpgradeLog4.htm
Projectiles/FrostBolt.png
Projectiles/NightsBeam.png
Projectiles/CosmicBee.gif
Projectiles/BabyMechanicalPiranha.png
UpgradeLog5.htm
Projectiles/ExcaliburBeam.png
Projectiles/FlaminJack.png
Projectiles/Flamarang.png
Projectiles/HeatSphere.png
Projectiles/LittleRocky.png
Projectiles/MythraBeam.png
Projectiles/ToxicDrop.png
Projectiles/TitaTridentThrown.png
Projectiles/CosmicStingy.png
Projectiles/Bone.png
Projectiles/GoldaBeam.png
Projectiles/Garlands0.png
Projectiles/IceBoomerang.png
Projectiles/GungnirThrown.png
Projectiles/LargeBee.png
Projectiles/PlatiBeam.png
Projectiles/CobaBeam.png
Dusts/LightningDust - copia.png
Buffs/Omegaburn.png
Projectiles/PallaBeam.png
Buffs/Heavyburn.png
Buffs/TitaPenetrate.png
Projectiles/LightsLong.png
Projectiles/TridentThrown.png
Projectiles/DarkLanceThrown.png
Projectiles/Star1.png
Projectiles/Garlands1.png
Projectiles/Garlands3.png
Projectiles/EnchantedBoomerang.png
Dusts/LightningDust.png
Projectiles/Starrow.png
Projectiles/CursedFlamethrower.png
Projectiles/RocketV.png
Projectiles/OriBeam.png
Buffs/Decay.png
Projectiles/ThornChakram.png
Projectiles/Shrapnel.png
Projectiles/SilverBullet.png
Projectiles/TitaBeam.png
Projectiles/Garlands2.png
Mod.rar
UpgradeLog.htm
